{"C:\\Users\\Alpis\\Desktop\\FE\\MernStack\\testServer.js": {"path":"C:\\Users\\Alpis\\Desktop\\FE\\MernStack\\testServer.js","statementMap":{"0":{"start":{"line":1,"column":16},"end":{"line":1,"column":34}},"1":{"start":{"line":2,"column":18},"end":{"line":2,"column":44}},"2":{"start":{"line":4,"column":12},"end":{"line":4,"column":21}},"3":{"start":{"line":8,"column":0},"end":{"line":8,"column":11}},"4":{"start":{"line":12,"column":0},"end":{"line":12,"column":40}},"5":{"start":{"line":17,"column":0},"end":{"line":17,"column":62}},"6":{"start":{"line":18,"column":0},"end":{"line":18,"column":52}},"7":{"start":{"line":19,"column":0},"end":{"line":19,"column":50}},"8":{"start":{"line":22,"column":0},"end":{"line":24,"column":3}},"9":{"start":{"line":23,"column":4},"end":{"line":23,"column":43}},"10":{"start":{"line":26,"column":0},"end":{"line":26,"column":20}}},"fnMap":{"0":{"name":"(anonymous_0)","decl":{"start":{"line":22,"column":8},"end":{"line":22,"column":9}},"loc":{"start":{"line":22,"column":25},"end":{"line":24,"column":1}},"line":22}},"branchMap":{},"s":{"0":2,"1":2,"2":2,"3":2,"4":2,"5":2,"6":2,"7":2,"8":2,"9":0,"10":2},"f":{"0":0},"b":{},"_coverageSchema":"43e27e138ebf9cfc5966b082cf9a028302ed4184","hash":"918373ba0eb5f8631bb4862f058538131137b8d4"}
,"C:\\Users\\Alpis\\Desktop\\FE\\MernStack\\config\\testDB.js": {"path":"C:\\Users\\Alpis\\Desktop\\FE\\MernStack\\config\\testDB.js","statementMap":{"0":{"start":{"line":1,"column":17},"end":{"line":1,"column":36}},"1":{"start":{"line":2,"column":15},"end":{"line":2,"column":32}},"2":{"start":{"line":3,"column":11},"end":{"line":3,"column":37}},"3":{"start":{"line":5,"column":18},"end":{"line":19,"column":1}},"4":{"start":{"line":6,"column":2},"end":{"line":18,"column":3}},"5":{"start":{"line":7,"column":4},"end":{"line":12,"column":6}},"6":{"start":{"line":15,"column":4},"end":{"line":15,"column":39}},"7":{"start":{"line":17,"column":4},"end":{"line":17,"column":19}},"8":{"start":{"line":21,"column":0},"end":{"line":21,"column":26}}},"fnMap":{"0":{"name":"(anonymous_0)","decl":{"start":{"line":5,"column":18},"end":{"line":5,"column":19}},"loc":{"start":{"line":5,"column":30},"end":{"line":19,"column":1}},"line":5}},"branchMap":{},"s":{"0":2,"1":2,"2":2,"3":2,"4":2,"5":2,"6":0,"7":0,"8":2},"f":{"0":2},"b":{},"_coverageSchema":"43e27e138ebf9cfc5966b082cf9a028302ed4184","hash":"b62da02f63a36d17db7a192261bdebc003bcbac0"}
,"C:\\Users\\Alpis\\Desktop\\FE\\MernStack\\middleware\\auth.js": {"path":"C:\\Users\\Alpis\\Desktop\\FE\\MernStack\\middleware\\auth.js","statementMap":{"0":{"start":{"line":1,"column":12},"end":{"line":1,"column":35}},"1":{"start":{"line":2,"column":15},"end":{"line":2,"column":32}},"2":{"start":{"line":4,"column":0},"end":{"line":22,"column":1}},"3":{"start":{"line":6,"column":18},"end":{"line":6,"column":44}},"4":{"start":{"line":9,"column":4},"end":{"line":11,"column":5}},"5":{"start":{"line":10,"column":8},"end":{"line":10,"column":76}},"6":{"start":{"line":14,"column":4},"end":{"line":21,"column":5}},"7":{"start":{"line":15,"column":24},"end":{"line":15,"column":66}},"8":{"start":{"line":17,"column":8},"end":{"line":17,"column":31}},"9":{"start":{"line":18,"column":8},"end":{"line":18,"column":14}},"10":{"start":{"line":20,"column":8},"end":{"line":20,"column":57}}},"fnMap":{"0":{"name":"(anonymous_0)","decl":{"start":{"line":4,"column":17},"end":{"line":4,"column":18}},"loc":{"start":{"line":4,"column":41},"end":{"line":22,"column":1}},"line":4}},"branchMap":{"0":{"loc":{"start":{"line":9,"column":4},"end":{"line":11,"column":5}},"type":"if","locations":[{"start":{"line":9,"column":4},"end":{"line":11,"column":5}},{"start":{"line":9,"column":4},"end":{"line":11,"column":5}}],"line":9}},"s":{"0":2,"1":2,"2":2,"3":30,"4":30,"5":0,"6":30,"7":30,"8":30,"9":30,"10":0},"f":{"0":30},"b":{"0":[0,30]},"_coverageSchema":"43e27e138ebf9cfc5966b082cf9a028302ed4184","hash":"234fa0ee299c0dcfc192d66f1446deb72e2b906b"}
,"C:\\Users\\Alpis\\Desktop\\FE\\MernStack\\modules\\Posts.js": {"path":"C:\\Users\\Alpis\\Desktop\\FE\\MernStack\\modules\\Posts.js","statementMap":{"0":{"start":{"line":1,"column":17},"end":{"line":1,"column":36}},"1":{"start":{"line":2,"column":15},"end":{"line":2,"column":30}},"2":{"start":{"line":4,"column":24},"end":{"line":9,"column":2}},"3":{"start":{"line":11,"column":19},"end":{"line":67,"column":2}},"4":{"start":{"line":69,"column":0},"end":{"line":69,"column":58}}},"fnMap":{},"branchMap":{},"s":{"0":2,"1":2,"2":2,"3":2,"4":2},"f":{},"b":{},"_coverageSchema":"43e27e138ebf9cfc5966b082cf9a028302ed4184","hash":"99e761f8862ae528abc461be3f36bc3480de7233"}
,"C:\\Users\\Alpis\\Desktop\\FE\\MernStack\\modules\\User.js": {"path":"C:\\Users\\Alpis\\Desktop\\FE\\MernStack\\modules\\User.js","statementMap":{"0":{"start":{"line":1,"column":17},"end":{"line":1,"column":36}},"1":{"start":{"line":3,"column":19},"end":{"line":25,"column":2}},"2":{"start":{"line":27,"column":0},"end":{"line":27,"column":58}}},"fnMap":{},"branchMap":{},"s":{"0":2,"1":2,"2":2},"f":{},"b":{},"_coverageSchema":"43e27e138ebf9cfc5966b082cf9a028302ed4184","hash":"e43f9e3622b272899a00e51fa66eca4a5f1cdf3c"}
,"C:\\Users\\Alpis\\Desktop\\FE\\MernStack\\routes\\api\\auth.js": {"path":"C:\\Users\\Alpis\\Desktop\\FE\\MernStack\\routes\\api\\auth.js","statementMap":{"0":{"start":{"line":1,"column":16},"end":{"line":1,"column":34}},"1":{"start":{"line":2,"column":15},"end":{"line":2,"column":31}},"2":{"start":{"line":3,"column":15},"end":{"line":3,"column":34}},"3":{"start":{"line":4,"column":13},"end":{"line":4,"column":45}},"4":{"start":{"line":5,"column":12},"end":{"line":5,"column":35}},"5":{"start":{"line":6,"column":15},"end":{"line":6,"column":32}},"6":{"start":{"line":7,"column":36},"end":{"line":7,"column":64}},"7":{"start":{"line":9,"column":13},"end":{"line":9,"column":42}},"8":{"start":{"line":28,"column":0},"end":{"line":80,"column":1}},"9":{"start":{"line":35,"column":19},"end":{"line":35,"column":40}},"10":{"start":{"line":36,"column":4},"end":{"line":38,"column":5}},"11":{"start":{"line":37,"column":6},"end":{"line":37,"column":61}},"12":{"start":{"line":40,"column":32},"end":{"line":40,"column":40}},"13":{"start":{"line":42,"column":4},"end":{"line":78,"column":5}},"14":{"start":{"line":43,"column":17},"end":{"line":43,"column":46}},"15":{"start":{"line":45,"column":6},"end":{"line":49,"column":7}},"16":{"start":{"line":46,"column":8},"end":{"line":48,"column":61}},"17":{"start":{"line":51,"column":22},"end":{"line":51,"column":67}},"18":{"start":{"line":53,"column":6},"end":{"line":57,"column":7}},"19":{"start":{"line":54,"column":8},"end":{"line":56,"column":59}},"20":{"start":{"line":60,"column":22},"end":{"line":64,"column":7}},"21":{"start":{"line":66,"column":6},"end":{"line":74,"column":7}},"22":{"start":{"line":71,"column":10},"end":{"line":71,"column":28}},"23":{"start":{"line":71,"column":19},"end":{"line":71,"column":28}},"24":{"start":{"line":72,"column":10},"end":{"line":72,"column":29}},"25":{"start":{"line":77,"column":6},"end":{"line":77,"column":42}},"26":{"start":{"line":82,"column":0},"end":{"line":82,"column":23}}},"fnMap":{"0":{"name":"(anonymous_0)","decl":{"start":{"line":34,"column":2},"end":{"line":34,"column":3}},"loc":{"start":{"line":34,"column":22},"end":{"line":79,"column":3}},"line":34},"1":{"name":"(anonymous_1)","decl":{"start":{"line":70,"column":8},"end":{"line":70,"column":9}},"loc":{"start":{"line":70,"column":24},"end":{"line":73,"column":9}},"line":70}},"branchMap":{"0":{"loc":{"start":{"line":36,"column":4},"end":{"line":38,"column":5}},"type":"if","locations":[{"start":{"line":36,"column":4},"end":{"line":38,"column":5}},{"start":{"line":36,"column":4},"end":{"line":38,"column":5}}],"line":36},"1":{"loc":{"start":{"line":45,"column":6},"end":{"line":49,"column":7}},"type":"if","locations":[{"start":{"line":45,"column":6},"end":{"line":49,"column":7}},{"start":{"line":45,"column":6},"end":{"line":49,"column":7}}],"line":45},"2":{"loc":{"start":{"line":53,"column":6},"end":{"line":57,"column":7}},"type":"if","locations":[{"start":{"line":53,"column":6},"end":{"line":57,"column":7}},{"start":{"line":53,"column":6},"end":{"line":57,"column":7}}],"line":53},"3":{"loc":{"start":{"line":71,"column":10},"end":{"line":71,"column":28}},"type":"if","locations":[{"start":{"line":71,"column":10},"end":{"line":71,"column":28}},{"start":{"line":71,"column":10},"end":{"line":71,"column":28}}],"line":71}},"s":{"0":2,"1":2,"2":2,"3":2,"4":2,"5":2,"6":2,"7":2,"8":2,"9":6,"10":6,"11":1,"12":5,"13":5,"14":5,"15":5,"16":1,"17":4,"18":4,"19":1,"20":3,"21":3,"22":3,"23":0,"24":3,"25":0,"26":2},"f":{"0":6,"1":3},"b":{"0":[1,5],"1":[1,4],"2":[1,3],"3":[0,3]},"_coverageSchema":"43e27e138ebf9cfc5966b082cf9a028302ed4184","hash":"af81b9552c5761e237a5361d96d5249dbe9cf49b"}
,"C:\\Users\\Alpis\\Desktop\\FE\\MernStack\\routes\\api\\categories.js": {"path":"C:\\Users\\Alpis\\Desktop\\FE\\MernStack\\routes\\api\\categories.js","statementMap":{"0":{"start":{"line":1,"column":16},"end":{"line":1,"column":34}},"1":{"start":{"line":2,"column":15},"end":{"line":2,"column":31}},"2":{"start":{"line":3,"column":13},"end":{"line":3,"column":31}},"3":{"start":{"line":4,"column":13},"end":{"line":4,"column":45}},"4":{"start":{"line":5,"column":36},"end":{"line":5,"column":64}},"5":{"start":{"line":6,"column":13},"end":{"line":6,"column":43}},"6":{"start":{"line":7,"column":17},"end":{"line":7,"column":47}},"7":{"start":{"line":12,"column":0},"end":{"line":51,"column":1}},"8":{"start":{"line":23,"column":19},"end":{"line":23,"column":40}},"9":{"start":{"line":24,"column":4},"end":{"line":26,"column":5}},"10":{"start":{"line":25,"column":6},"end":{"line":25,"column":61}},"11":{"start":{"line":27,"column":4},"end":{"line":49,"column":5}},"12":{"start":{"line":28,"column":19},"end":{"line":28,"column":71}},"13":{"start":{"line":29,"column":6},"end":{"line":33,"column":7}},"14":{"start":{"line":30,"column":8},"end":{"line":32,"column":61}},"15":{"start":{"line":34,"column":21},"end":{"line":34,"column":64}},"16":{"start":{"line":35,"column":6},"end":{"line":39,"column":7}},"17":{"start":{"line":36,"column":8},"end":{"line":38,"column":65}},"18":{"start":{"line":41,"column":27},"end":{"line":43,"column":8}},"19":{"start":{"line":44,"column":6},"end":{"line":44,"column":42}},"20":{"start":{"line":45,"column":6},"end":{"line":45,"column":24}},"21":{"start":{"line":48,"column":6},"end":{"line":48,"column":42}},"22":{"start":{"line":56,"column":0},"end":{"line":66,"column":2}},"23":{"start":{"line":57,"column":2},"end":{"line":65,"column":3}},"24":{"start":{"line":58,"column":23},"end":{"line":60,"column":23}},"25":{"start":{"line":61,"column":4},"end":{"line":61,"column":24}},"26":{"start":{"line":64,"column":4},"end":{"line":64,"column":40}},"27":{"start":{"line":71,"column":0},"end":{"line":84,"column":2}},"28":{"start":{"line":72,"column":2},"end":{"line":83,"column":3}},"29":{"start":{"line":73,"column":21},"end":{"line":75,"column":5}},"30":{"start":{"line":76,"column":4},"end":{"line":76,"column":22}},"31":{"start":{"line":78,"column":4},"end":{"line":78,"column":28}},"32":{"start":{"line":79,"column":4},"end":{"line":81,"column":5}},"33":{"start":{"line":80,"column":6},"end":{"line":80,"column":64}},"34":{"start":{"line":82,"column":4},"end":{"line":82,"column":40}},"35":{"start":{"line":89,"column":0},"end":{"line":127,"column":1}},"36":{"start":{"line":100,"column":19},"end":{"line":100,"column":40}},"37":{"start":{"line":101,"column":4},"end":{"line":103,"column":5}},"38":{"start":{"line":102,"column":6},"end":{"line":102,"column":61}},"39":{"start":{"line":104,"column":4},"end":{"line":125,"column":5}},"40":{"start":{"line":105,"column":19},"end":{"line":105,"column":71}},"41":{"start":{"line":106,"column":6},"end":{"line":110,"column":7}},"42":{"start":{"line":107,"column":8},"end":{"line":109,"column":61}},"43":{"start":{"line":111,"column":23},"end":{"line":117,"column":7}},"44":{"start":{"line":118,"column":6},"end":{"line":118,"column":24}},"45":{"start":{"line":120,"column":6},"end":{"line":120,"column":22}},"46":{"start":{"line":121,"column":6},"end":{"line":123,"column":7}},"47":{"start":{"line":122,"column":8},"end":{"line":122,"column":66}},"48":{"start":{"line":124,"column":6},"end":{"line":124,"column":42}},"49":{"start":{"line":132,"column":0},"end":{"line":155,"column":2}},"50":{"start":{"line":133,"column":2},"end":{"line":154,"column":3}},"51":{"start":{"line":134,"column":17},"end":{"line":134,"column":69}},"52":{"start":{"line":135,"column":4},"end":{"line":139,"column":5}},"53":{"start":{"line":136,"column":6},"end":{"line":138,"column":59}},"54":{"start":{"line":140,"column":21},"end":{"line":140,"column":67}},"55":{"start":{"line":141,"column":4},"end":{"line":143,"column":5}},"56":{"start":{"line":142,"column":6},"end":{"line":142,"column":64}},"57":{"start":{"line":145,"column":4},"end":{"line":145,"column":27}},"58":{"start":{"line":147,"column":4},"end":{"line":147,"column":41}},"59":{"start":{"line":149,"column":4},"end":{"line":149,"column":20}},"60":{"start":{"line":150,"column":4},"end":{"line":152,"column":5}},"61":{"start":{"line":151,"column":6},"end":{"line":151,"column":64}},"62":{"start":{"line":153,"column":4},"end":{"line":153,"column":40}},"63":{"start":{"line":157,"column":0},"end":{"line":157,"column":21}},"64":{"start":{"line":159,"column":0},"end":{"line":159,"column":23}}},"fnMap":{"0":{"name":"(anonymous_0)","decl":{"start":{"line":22,"column":2},"end":{"line":22,"column":3}},"loc":{"start":{"line":22,"column":22},"end":{"line":50,"column":3}},"line":22},"1":{"name":"(anonymous_1)","decl":{"start":{"line":56,"column":16},"end":{"line":56,"column":17}},"loc":{"start":{"line":56,"column":36},"end":{"line":66,"column":1}},"line":56},"2":{"name":"(anonymous_2)","decl":{"start":{"line":71,"column":27},"end":{"line":71,"column":28}},"loc":{"start":{"line":71,"column":47},"end":{"line":84,"column":1}},"line":71},"3":{"name":"(anonymous_3)","decl":{"start":{"line":99,"column":2},"end":{"line":99,"column":3}},"loc":{"start":{"line":99,"column":22},"end":{"line":126,"column":3}},"line":99},"4":{"name":"(anonymous_4)","decl":{"start":{"line":132,"column":36},"end":{"line":132,"column":37}},"loc":{"start":{"line":132,"column":56},"end":{"line":155,"column":1}},"line":132}},"branchMap":{"0":{"loc":{"start":{"line":24,"column":4},"end":{"line":26,"column":5}},"type":"if","locations":[{"start":{"line":24,"column":4},"end":{"line":26,"column":5}},{"start":{"line":24,"column":4},"end":{"line":26,"column":5}}],"line":24},"1":{"loc":{"start":{"line":29,"column":6},"end":{"line":33,"column":7}},"type":"if","locations":[{"start":{"line":29,"column":6},"end":{"line":33,"column":7}},{"start":{"line":29,"column":6},"end":{"line":33,"column":7}}],"line":29},"2":{"loc":{"start":{"line":35,"column":6},"end":{"line":39,"column":7}},"type":"if","locations":[{"start":{"line":35,"column":6},"end":{"line":39,"column":7}},{"start":{"line":35,"column":6},"end":{"line":39,"column":7}}],"line":35},"3":{"loc":{"start":{"line":79,"column":4},"end":{"line":81,"column":5}},"type":"if","locations":[{"start":{"line":79,"column":4},"end":{"line":81,"column":5}},{"start":{"line":79,"column":4},"end":{"line":81,"column":5}}],"line":79},"4":{"loc":{"start":{"line":101,"column":4},"end":{"line":103,"column":5}},"type":"if","locations":[{"start":{"line":101,"column":4},"end":{"line":103,"column":5}},{"start":{"line":101,"column":4},"end":{"line":103,"column":5}}],"line":101},"5":{"loc":{"start":{"line":106,"column":6},"end":{"line":110,"column":7}},"type":"if","locations":[{"start":{"line":106,"column":6},"end":{"line":110,"column":7}},{"start":{"line":106,"column":6},"end":{"line":110,"column":7}}],"line":106},"6":{"loc":{"start":{"line":121,"column":6},"end":{"line":123,"column":7}},"type":"if","locations":[{"start":{"line":121,"column":6},"end":{"line":123,"column":7}},{"start":{"line":121,"column":6},"end":{"line":123,"column":7}}],"line":121},"7":{"loc":{"start":{"line":135,"column":4},"end":{"line":139,"column":5}},"type":"if","locations":[{"start":{"line":135,"column":4},"end":{"line":139,"column":5}},{"start":{"line":135,"column":4},"end":{"line":139,"column":5}}],"line":135},"8":{"loc":{"start":{"line":141,"column":4},"end":{"line":143,"column":5}},"type":"if","locations":[{"start":{"line":141,"column":4},"end":{"line":143,"column":5}},{"start":{"line":141,"column":4},"end":{"line":143,"column":5}}],"line":141},"9":{"loc":{"start":{"line":150,"column":4},"end":{"line":152,"column":5}},"type":"if","locations":[{"start":{"line":150,"column":4},"end":{"line":152,"column":5}},{"start":{"line":150,"column":4},"end":{"line":152,"column":5}}],"line":150}},"s":{"0":2,"1":2,"2":2,"3":2,"4":2,"5":2,"6":2,"7":2,"8":7,"9":7,"10":1,"11":6,"12":6,"13":6,"14":1,"15":5,"16":5,"17":1,"18":4,"19":4,"20":4,"21":0,"22":2,"23":1,"24":1,"25":1,"26":0,"27":2,"28":2,"29":2,"30":1,"31":1,"32":1,"33":1,"34":0,"35":2,"36":4,"37":4,"38":1,"39":3,"40":3,"41":3,"42":1,"43":2,"44":1,"45":1,"46":1,"47":1,"48":0,"49":2,"50":3,"51":3,"52":3,"53":1,"54":2,"55":1,"56":0,"57":1,"58":1,"59":1,"60":1,"61":1,"62":0,"63":2,"64":2},"f":{"0":7,"1":1,"2":2,"3":4,"4":3},"b":{"0":[1,6],"1":[1,5],"2":[1,4],"3":[1,0],"4":[1,3],"5":[1,2],"6":[1,0],"7":[1,2],"8":[0,1],"9":[1,0]},"_coverageSchema":"43e27e138ebf9cfc5966b082cf9a028302ed4184","hash":"f7725d508d4c75e44ef2ec572105a330393e74ab"}
,"C:\\Users\\Alpis\\Desktop\\FE\\MernStack\\routes\\api\\posts.js": {"path":"C:\\Users\\Alpis\\Desktop\\FE\\MernStack\\routes\\api\\posts.js","statementMap":{"0":{"start":{"line":1,"column":16},"end":{"line":1,"column":34}},"1":{"start":{"line":2,"column":15},"end":{"line":2,"column":31}},"2":{"start":{"line":3,"column":36},"end":{"line":3,"column":64}},"3":{"start":{"line":4,"column":13},"end":{"line":4,"column":45}},"4":{"start":{"line":7,"column":13},"end":{"line":7,"column":43}},"5":{"start":{"line":12,"column":0},"end":{"line":50,"column":1}},"6":{"start":{"line":23,"column":19},"end":{"line":23,"column":40}},"7":{"start":{"line":24,"column":4},"end":{"line":26,"column":5}},"8":{"start":{"line":25,"column":6},"end":{"line":25,"column":61}},"9":{"start":{"line":27,"column":4},"end":{"line":48,"column":5}},"10":{"start":{"line":28,"column":19},"end":{"line":28,"column":71}},"11":{"start":{"line":29,"column":21},"end":{"line":29,"column":63}},"12":{"start":{"line":30,"column":6},"end":{"line":32,"column":7}},"13":{"start":{"line":31,"column":8},"end":{"line":31,"column":71}},"14":{"start":{"line":34,"column":22},"end":{"line":38,"column":7}},"15":{"start":{"line":40,"column":6},"end":{"line":40,"column":37}},"16":{"start":{"line":42,"column":6},"end":{"line":42,"column":27}},"17":{"start":{"line":44,"column":6},"end":{"line":44,"column":24}},"18":{"start":{"line":47,"column":6},"end":{"line":47,"column":42}},"19":{"start":{"line":55,"column":0},"end":{"line":73,"column":2}},"20":{"start":{"line":56,"column":2},"end":{"line":72,"column":3}},"21":{"start":{"line":57,"column":21},"end":{"line":57,"column":63}},"22":{"start":{"line":58,"column":4},"end":{"line":60,"column":5}},"23":{"start":{"line":59,"column":6},"end":{"line":59,"column":69}},"24":{"start":{"line":61,"column":17},"end":{"line":61,"column":37}},"25":{"start":{"line":65,"column":4},"end":{"line":65,"column":18}},"26":{"start":{"line":71,"column":4},"end":{"line":71,"column":40}},"27":{"start":{"line":78,"column":0},"end":{"line":98,"column":2}},"28":{"start":{"line":79,"column":2},"end":{"line":97,"column":3}},"29":{"start":{"line":80,"column":21},"end":{"line":80,"column":63}},"30":{"start":{"line":81,"column":4},"end":{"line":83,"column":5}},"31":{"start":{"line":82,"column":6},"end":{"line":82,"column":69}},"32":{"start":{"line":85,"column":17},"end":{"line":85,"column":75}},"33":{"start":{"line":85,"column":48},"end":{"line":85,"column":74}},"34":{"start":{"line":86,"column":4},"end":{"line":88,"column":5}},"35":{"start":{"line":87,"column":6},"end":{"line":87,"column":60}},"36":{"start":{"line":90,"column":4},"end":{"line":90,"column":18}},"37":{"start":{"line":92,"column":4},"end":{"line":92,"column":28}},"38":{"start":{"line":93,"column":4},"end":{"line":95,"column":5}},"39":{"start":{"line":94,"column":6},"end":{"line":94,"column":60}},"40":{"start":{"line":96,"column":4},"end":{"line":96,"column":40}},"41":{"start":{"line":103,"column":0},"end":{"line":137,"column":2}},"42":{"start":{"line":104,"column":2},"end":{"line":136,"column":3}},"43":{"start":{"line":105,"column":21},"end":{"line":105,"column":63}},"44":{"start":{"line":106,"column":4},"end":{"line":108,"column":5}},"45":{"start":{"line":107,"column":6},"end":{"line":107,"column":69}},"46":{"start":{"line":110,"column":17},"end":{"line":110,"column":75}},"47":{"start":{"line":110,"column":48},"end":{"line":110,"column":74}},"48":{"start":{"line":111,"column":4},"end":{"line":113,"column":5}},"49":{"start":{"line":112,"column":6},"end":{"line":112,"column":60}},"50":{"start":{"line":115,"column":17},"end":{"line":115,"column":69}},"51":{"start":{"line":117,"column":4},"end":{"line":119,"column":5}},"52":{"start":{"line":118,"column":6},"end":{"line":118,"column":65}},"53":{"start":{"line":121,"column":24},"end":{"line":123,"column":33}},"54":{"start":{"line":122,"column":19},"end":{"line":122,"column":26}},"55":{"start":{"line":125,"column":4},"end":{"line":125,"column":41}},"56":{"start":{"line":127,"column":4},"end":{"line":127,"column":25}},"57":{"start":{"line":129,"column":4},"end":{"line":129,"column":37}},"58":{"start":{"line":131,"column":4},"end":{"line":131,"column":28}},"59":{"start":{"line":132,"column":4},"end":{"line":134,"column":5}},"60":{"start":{"line":133,"column":6},"end":{"line":133,"column":60}},"61":{"start":{"line":135,"column":4},"end":{"line":135,"column":40}},"62":{"start":{"line":142,"column":0},"end":{"line":201,"column":1}},"63":{"start":{"line":153,"column":19},"end":{"line":153,"column":40}},"64":{"start":{"line":154,"column":4},"end":{"line":156,"column":5}},"65":{"start":{"line":155,"column":6},"end":{"line":155,"column":61}},"66":{"start":{"line":157,"column":4},"end":{"line":199,"column":5}},"67":{"start":{"line":158,"column":21},"end":{"line":158,"column":63}},"68":{"start":{"line":159,"column":6},"end":{"line":161,"column":7}},"69":{"start":{"line":160,"column":8},"end":{"line":160,"column":71}},"70":{"start":{"line":163,"column":19},"end":{"line":163,"column":77}},"71":{"start":{"line":163,"column":50},"end":{"line":163,"column":76}},"72":{"start":{"line":164,"column":6},"end":{"line":166,"column":7}},"73":{"start":{"line":165,"column":8},"end":{"line":165,"column":62}},"74":{"start":{"line":168,"column":19},"end":{"line":168,"column":71}},"75":{"start":{"line":170,"column":6},"end":{"line":172,"column":7}},"76":{"start":{"line":171,"column":8},"end":{"line":171,"column":67}},"77":{"start":{"line":174,"column":21},"end":{"line":174,"column":30}},"78":{"start":{"line":176,"column":26},"end":{"line":178,"column":35}},"79":{"start":{"line":177,"column":21},"end":{"line":177,"column":28}},"80":{"start":{"line":180,"column":6},"end":{"line":180,"column":43}},"81":{"start":{"line":182,"column":22},"end":{"line":186,"column":7}},"82":{"start":{"line":188,"column":6},"end":{"line":188,"column":37}},"83":{"start":{"line":190,"column":6},"end":{"line":190,"column":27}},"84":{"start":{"line":192,"column":6},"end":{"line":192,"column":23}},"85":{"start":{"line":194,"column":6},"end":{"line":194,"column":22}},"86":{"start":{"line":195,"column":6},"end":{"line":197,"column":7}},"87":{"start":{"line":196,"column":8},"end":{"line":196,"column":63}},"88":{"start":{"line":198,"column":6},"end":{"line":198,"column":42}},"89":{"start":{"line":264,"column":0},"end":{"line":264,"column":23}}},"fnMap":{"0":{"name":"(anonymous_0)","decl":{"start":{"line":22,"column":2},"end":{"line":22,"column":3}},"loc":{"start":{"line":22,"column":22},"end":{"line":49,"column":3}},"line":22},"1":{"name":"(anonymous_1)","decl":{"start":{"line":55,"column":33},"end":{"line":55,"column":34}},"loc":{"start":{"line":55,"column":53},"end":{"line":73,"column":1}},"line":55},"2":{"name":"(anonymous_2)","decl":{"start":{"line":78,"column":41},"end":{"line":78,"column":42}},"loc":{"start":{"line":78,"column":61},"end":{"line":98,"column":1}},"line":78},"3":{"name":"(anonymous_3)","decl":{"start":{"line":85,"column":43},"end":{"line":85,"column":44}},"loc":{"start":{"line":85,"column":48},"end":{"line":85,"column":74}},"line":85},"4":{"name":"(anonymous_4)","decl":{"start":{"line":103,"column":50},"end":{"line":103,"column":51}},"loc":{"start":{"line":103,"column":70},"end":{"line":137,"column":1}},"line":103},"5":{"name":"(anonymous_5)","decl":{"start":{"line":110,"column":43},"end":{"line":110,"column":44}},"loc":{"start":{"line":110,"column":48},"end":{"line":110,"column":74}},"line":110},"6":{"name":"(anonymous_6)","decl":{"start":{"line":122,"column":11},"end":{"line":122,"column":12}},"loc":{"start":{"line":122,"column":19},"end":{"line":122,"column":26}},"line":122},"7":{"name":"(anonymous_7)","decl":{"start":{"line":152,"column":2},"end":{"line":152,"column":3}},"loc":{"start":{"line":152,"column":22},"end":{"line":200,"column":3}},"line":152},"8":{"name":"(anonymous_8)","decl":{"start":{"line":163,"column":45},"end":{"line":163,"column":46}},"loc":{"start":{"line":163,"column":50},"end":{"line":163,"column":76}},"line":163},"9":{"name":"(anonymous_9)","decl":{"start":{"line":177,"column":13},"end":{"line":177,"column":14}},"loc":{"start":{"line":177,"column":21},"end":{"line":177,"column":28}},"line":177}},"branchMap":{"0":{"loc":{"start":{"line":24,"column":4},"end":{"line":26,"column":5}},"type":"if","locations":[{"start":{"line":24,"column":4},"end":{"line":26,"column":5}},{"start":{"line":24,"column":4},"end":{"line":26,"column":5}}],"line":24},"1":{"loc":{"start":{"line":30,"column":6},"end":{"line":32,"column":7}},"type":"if","locations":[{"start":{"line":30,"column":6},"end":{"line":32,"column":7}},{"start":{"line":30,"column":6},"end":{"line":32,"column":7}}],"line":30},"2":{"loc":{"start":{"line":58,"column":4},"end":{"line":60,"column":5}},"type":"if","locations":[{"start":{"line":58,"column":4},"end":{"line":60,"column":5}},{"start":{"line":58,"column":4},"end":{"line":60,"column":5}}],"line":58},"3":{"loc":{"start":{"line":81,"column":4},"end":{"line":83,"column":5}},"type":"if","locations":[{"start":{"line":81,"column":4},"end":{"line":83,"column":5}},{"start":{"line":81,"column":4},"end":{"line":83,"column":5}}],"line":81},"4":{"loc":{"start":{"line":86,"column":4},"end":{"line":88,"column":5}},"type":"if","locations":[{"start":{"line":86,"column":4},"end":{"line":88,"column":5}},{"start":{"line":86,"column":4},"end":{"line":88,"column":5}}],"line":86},"5":{"loc":{"start":{"line":93,"column":4},"end":{"line":95,"column":5}},"type":"if","locations":[{"start":{"line":93,"column":4},"end":{"line":95,"column":5}},{"start":{"line":93,"column":4},"end":{"line":95,"column":5}}],"line":93},"6":{"loc":{"start":{"line":106,"column":4},"end":{"line":108,"column":5}},"type":"if","locations":[{"start":{"line":106,"column":4},"end":{"line":108,"column":5}},{"start":{"line":106,"column":4},"end":{"line":108,"column":5}}],"line":106},"7":{"loc":{"start":{"line":111,"column":4},"end":{"line":113,"column":5}},"type":"if","locations":[{"start":{"line":111,"column":4},"end":{"line":113,"column":5}},{"start":{"line":111,"column":4},"end":{"line":113,"column":5}}],"line":111},"8":{"loc":{"start":{"line":117,"column":4},"end":{"line":119,"column":5}},"type":"if","locations":[{"start":{"line":117,"column":4},"end":{"line":119,"column":5}},{"start":{"line":117,"column":4},"end":{"line":119,"column":5}}],"line":117},"9":{"loc":{"start":{"line":117,"column":8},"end":{"line":117,"column":59}},"type":"binary-expr","locations":[{"start":{"line":117,"column":8},"end":{"line":117,"column":44}},{"start":{"line":117,"column":48},"end":{"line":117,"column":59}}],"line":117},"10":{"loc":{"start":{"line":132,"column":4},"end":{"line":134,"column":5}},"type":"if","locations":[{"start":{"line":132,"column":4},"end":{"line":134,"column":5}},{"start":{"line":132,"column":4},"end":{"line":134,"column":5}}],"line":132},"11":{"loc":{"start":{"line":154,"column":4},"end":{"line":156,"column":5}},"type":"if","locations":[{"start":{"line":154,"column":4},"end":{"line":156,"column":5}},{"start":{"line":154,"column":4},"end":{"line":156,"column":5}}],"line":154},"12":{"loc":{"start":{"line":159,"column":6},"end":{"line":161,"column":7}},"type":"if","locations":[{"start":{"line":159,"column":6},"end":{"line":161,"column":7}},{"start":{"line":159,"column":6},"end":{"line":161,"column":7}}],"line":159},"13":{"loc":{"start":{"line":164,"column":6},"end":{"line":166,"column":7}},"type":"if","locations":[{"start":{"line":164,"column":6},"end":{"line":166,"column":7}},{"start":{"line":164,"column":6},"end":{"line":166,"column":7}}],"line":164},"14":{"loc":{"start":{"line":170,"column":6},"end":{"line":172,"column":7}},"type":"if","locations":[{"start":{"line":170,"column":6},"end":{"line":172,"column":7}},{"start":{"line":170,"column":6},"end":{"line":172,"column":7}}],"line":170},"15":{"loc":{"start":{"line":170,"column":10},"end":{"line":170,"column":61}},"type":"binary-expr","locations":[{"start":{"line":170,"column":10},"end":{"line":170,"column":46}},{"start":{"line":170,"column":50},"end":{"line":170,"column":61}}],"line":170},"16":{"loc":{"start":{"line":195,"column":6},"end":{"line":197,"column":7}},"type":"if","locations":[{"start":{"line":195,"column":6},"end":{"line":197,"column":7}},{"start":{"line":195,"column":6},"end":{"line":197,"column":7}}],"line":195}},"s":{"0":2,"1":2,"2":2,"3":2,"4":2,"5":2,"6":5,"7":5,"8":1,"9":4,"10":4,"11":4,"12":4,"13":1,"14":3,"15":3,"16":3,"17":3,"18":0,"19":2,"20":2,"21":2,"22":2,"23":1,"24":1,"25":1,"26":0,"27":2,"28":4,"29":4,"30":3,"31":1,"32":2,"33":6,"34":2,"35":1,"36":1,"37":1,"38":1,"39":1,"40":0,"41":2,"42":5,"43":5,"44":4,"45":1,"46":3,"47":8,"48":3,"49":1,"50":2,"51":2,"52":1,"53":1,"54":3,"55":1,"56":1,"57":1,"58":1,"59":1,"60":1,"61":0,"62":2,"63":6,"64":6,"65":1,"66":5,"67":5,"68":4,"69":1,"70":3,"71":9,"72":3,"73":1,"74":2,"75":2,"76":1,"77":1,"78":1,"79":3,"80":1,"81":1,"82":1,"83":1,"84":1,"85":1,"86":1,"87":1,"88":0,"89":2},"f":{"0":5,"1":2,"2":4,"3":6,"4":5,"5":8,"6":3,"7":6,"8":9,"9":3},"b":{"0":[1,4],"1":[1,3],"2":[1,1],"3":[1,2],"4":[1,1],"5":[1,0],"6":[1,3],"7":[1,2],"8":[1,1],"9":[2,1],"10":[1,0],"11":[1,5],"12":[1,3],"13":[1,2],"14":[1,1],"15":[2,1],"16":[1,0]},"_coverageSchema":"43e27e138ebf9cfc5966b082cf9a028302ed4184","hash":"f130af54f8ba5e1522794fb5832a029e7be3e3fe"}
,"C:\\Users\\Alpis\\Desktop\\FE\\MernStack\\routes\\api\\users.js": {"path":"C:\\Users\\Alpis\\Desktop\\FE\\MernStack\\routes\\api\\users.js","statementMap":{"0":{"start":{"line":1,"column":16},"end":{"line":1,"column":34}},"1":{"start":{"line":2,"column":15},"end":{"line":2,"column":31}},"2":{"start":{"line":3,"column":17},"end":{"line":3,"column":36}},"3":{"start":{"line":4,"column":15},"end":{"line":4,"column":34}},"4":{"start":{"line":5,"column":12},"end":{"line":5,"column":35}},"5":{"start":{"line":6,"column":15},"end":{"line":6,"column":32}},"6":{"start":{"line":7,"column":36},"end":{"line":7,"column":64}},"7":{"start":{"line":9,"column":13},"end":{"line":9,"column":42}},"8":{"start":{"line":14,"column":0},"end":{"line":66,"column":1}},"9":{"start":{"line":27,"column":19},"end":{"line":27,"column":40}},"10":{"start":{"line":28,"column":4},"end":{"line":30,"column":5}},"11":{"start":{"line":29,"column":6},"end":{"line":29,"column":61}},"12":{"start":{"line":32,"column":21},"end":{"line":32,"column":29}},"13":{"start":{"line":34,"column":4},"end":{"line":64,"column":5}},"14":{"start":{"line":35,"column":17},"end":{"line":35,"column":46}},"15":{"start":{"line":37,"column":6},"end":{"line":41,"column":7}},"16":{"start":{"line":38,"column":8},"end":{"line":40,"column":61}},"17":{"start":{"line":42,"column":6},"end":{"line":42,"column":23}},"18":{"start":{"line":44,"column":22},"end":{"line":48,"column":7}},"19":{"start":{"line":50,"column":6},"end":{"line":50,"column":17}},"20":{"start":{"line":52,"column":6},"end":{"line":60,"column":7}},"21":{"start":{"line":57,"column":10},"end":{"line":57,"column":28}},"22":{"start":{"line":57,"column":19},"end":{"line":57,"column":28}},"23":{"start":{"line":58,"column":10},"end":{"line":58,"column":29}},"24":{"start":{"line":63,"column":6},"end":{"line":63,"column":42}},"25":{"start":{"line":71,"column":0},"end":{"line":143,"column":1}},"26":{"start":{"line":84,"column":19},"end":{"line":84,"column":40}},"27":{"start":{"line":85,"column":4},"end":{"line":87,"column":5}},"28":{"start":{"line":86,"column":6},"end":{"line":86,"column":61}},"29":{"start":{"line":89,"column":38},"end":{"line":89,"column":46}},"30":{"start":{"line":91,"column":4},"end":{"line":141,"column":5}},"31":{"start":{"line":92,"column":17},"end":{"line":92,"column":46}},"32":{"start":{"line":94,"column":6},"end":{"line":98,"column":7}},"33":{"start":{"line":95,"column":8},"end":{"line":97,"column":61}},"34":{"start":{"line":101,"column":21},"end":{"line":105,"column":8}},"35":{"start":{"line":107,"column":6},"end":{"line":112,"column":8}},"36":{"start":{"line":115,"column":19},"end":{"line":115,"column":43}},"37":{"start":{"line":117,"column":6},"end":{"line":117,"column":55}},"38":{"start":{"line":120,"column":6},"end":{"line":120,"column":23}},"39":{"start":{"line":123,"column":22},"end":{"line":127,"column":7}},"40":{"start":{"line":129,"column":6},"end":{"line":137,"column":7}},"41":{"start":{"line":134,"column":10},"end":{"line":134,"column":28}},"42":{"start":{"line":134,"column":19},"end":{"line":134,"column":28}},"43":{"start":{"line":135,"column":10},"end":{"line":135,"column":29}},"44":{"start":{"line":140,"column":6},"end":{"line":140,"column":42}},"45":{"start":{"line":146,"column":0},"end":{"line":146,"column":23}}},"fnMap":{"0":{"name":"(anonymous_0)","decl":{"start":{"line":26,"column":2},"end":{"line":26,"column":3}},"loc":{"start":{"line":26,"column":22},"end":{"line":65,"column":3}},"line":26},"1":{"name":"(anonymous_1)","decl":{"start":{"line":56,"column":8},"end":{"line":56,"column":9}},"loc":{"start":{"line":56,"column":24},"end":{"line":59,"column":9}},"line":56},"2":{"name":"(anonymous_2)","decl":{"start":{"line":83,"column":2},"end":{"line":83,"column":3}},"loc":{"start":{"line":83,"column":22},"end":{"line":142,"column":3}},"line":83},"3":{"name":"(anonymous_3)","decl":{"start":{"line":133,"column":8},"end":{"line":133,"column":9}},"loc":{"start":{"line":133,"column":24},"end":{"line":136,"column":9}},"line":133}},"branchMap":{"0":{"loc":{"start":{"line":28,"column":4},"end":{"line":30,"column":5}},"type":"if","locations":[{"start":{"line":28,"column":4},"end":{"line":30,"column":5}},{"start":{"line":28,"column":4},"end":{"line":30,"column":5}}],"line":28},"1":{"loc":{"start":{"line":37,"column":6},"end":{"line":41,"column":7}},"type":"if","locations":[{"start":{"line":37,"column":6},"end":{"line":41,"column":7}},{"start":{"line":37,"column":6},"end":{"line":41,"column":7}}],"line":37},"2":{"loc":{"start":{"line":57,"column":10},"end":{"line":57,"column":28}},"type":"if","locations":[{"start":{"line":57,"column":10},"end":{"line":57,"column":28}},{"start":{"line":57,"column":10},"end":{"line":57,"column":28}}],"line":57},"3":{"loc":{"start":{"line":85,"column":4},"end":{"line":87,"column":5}},"type":"if","locations":[{"start":{"line":85,"column":4},"end":{"line":87,"column":5}},{"start":{"line":85,"column":4},"end":{"line":87,"column":5}}],"line":85},"4":{"loc":{"start":{"line":94,"column":6},"end":{"line":98,"column":7}},"type":"if","locations":[{"start":{"line":94,"column":6},"end":{"line":98,"column":7}},{"start":{"line":94,"column":6},"end":{"line":98,"column":7}}],"line":94},"5":{"loc":{"start":{"line":134,"column":10},"end":{"line":134,"column":28}},"type":"if","locations":[{"start":{"line":134,"column":10},"end":{"line":134,"column":28}},{"start":{"line":134,"column":10},"end":{"line":134,"column":28}}],"line":134}},"s":{"0":2,"1":2,"2":2,"3":2,"4":2,"5":2,"6":2,"7":2,"8":2,"9":4,"10":4,"11":1,"12":3,"13":3,"14":3,"15":3,"16":1,"17":2,"18":2,"19":2,"20":2,"21":2,"22":0,"23":2,"24":0,"25":2,"26":7,"27":7,"28":2,"29":5,"30":5,"31":5,"32":5,"33":1,"34":4,"35":4,"36":4,"37":4,"38":4,"39":4,"40":4,"41":4,"42":0,"43":4,"44":0,"45":2},"f":{"0":4,"1":2,"2":7,"3":4},"b":{"0":[1,3],"1":[1,2],"2":[0,2],"3":[2,5],"4":[1,4],"5":[0,4]},"_coverageSchema":"43e27e138ebf9cfc5966b082cf9a028302ed4184","hash":"d60f6960c2d3ec72746b66502f38e01ea8367162"}
,"C:\\Users\\Alpis\\Desktop\\FE\\MernStack\\tests\\testConstants.js": {"path":"C:\\Users\\Alpis\\Desktop\\FE\\MernStack\\tests\\testConstants.js","statementMap":{"0":{"start":{"line":1,"column":16},"end":{"line":5,"column":1}},"1":{"start":{"line":7,"column":33},"end":{"line":11,"column":1}},"2":{"start":{"line":13,"column":16},"end":{"line":17,"column":1}},"3":{"start":{"line":19,"column":18},"end":{"line":23,"column":1}},"4":{"start":{"line":25,"column":14},"end":{"line":29,"column":1}},"5":{"start":{"line":31,"column":14},"end":{"line":35,"column":1}},"6":{"start":{"line":37,"column":21},"end":{"line":41,"column":1}},"7":{"start":{"line":43,"column":0},"end":{"line":51,"column":1}}},"fnMap":{},"branchMap":{},"s":{"0":2,"1":2,"2":2,"3":2,"4":2,"5":2,"6":2,"7":2},"f":{},"b":{},"_coverageSchema":"43e27e138ebf9cfc5966b082cf9a028302ed4184","hash":"d869b02a4df75c35c295b31732efa7018e842296"}
}
